
> commerce-agent@0.1.0 ingest
> tsx scripts/ingest-laws.ts

◇ injected env (11) from .env.local // tip: ⌁ auth for agents [www.vestauth.com]
✔ 인덱스/제약조건 생성 완료

=== 전자상거래 등에서의 소비자보호에 관한 법률 ===
  MST=282793, 시행일=20260120
  조문 58개 파싱
  그래프 적재 완료
  임베딩 58/58

=== 표시ㆍ광고의 공정화에 관한 법률 ===
  MST=268659, 시행일=20250121
  조문 27개 파싱
  그래프 적재 완료
  임베딩 27/27

=== 약관의 규제에 관한 법률 ===
  MST=260021, 시행일=20240807
  조문 43개 파싱
  그래프 적재 완료
  임베딩 43/43

=== 소비자기본법 ===
  MST=277233, 시행일=20260102
  조문 97개 파싱
  그래프 적재 완료
  임베딩 97/97

✔ 전체 완료 — 법령 4개, 조문 186개, 참조 엣지 258개
